<?xml version="1.0" encoding="UTF-8"?>
<!-- Generated by org.testng.reporters.JUnitXMLReporter -->
<testsuite hostname="user-PC" ignored="6" name="Default test" tests="1" failures="0" timestamp="28 Oct 2022 01:44:25 GMT" time="22.009" errors="0">
  <testcase name="verify_UpdateDeliveryBoy" time="4.946" classname="com.supermarket.tests.DeliveryBoyTest"/>
  <testcase name="verify_deleteDeliveryBoy" time="0.0" classname="com.supermarket.tests.DeliveryBoyTest">
    <ignored/>
  </testcase> <!-- verify_deleteDeliveryBoy -->
  <testcase name="verify_alertMessageFontColor" time="0.0" classname="com.supermarket.tests.DeliveryBoyTest">
    <ignored/>
  </testcase> <!-- verify_alertMessageFontColor -->
  <testcase name="verify_existingDeliveryBoyAlertMessage" time="0.0" classname="com.supermarket.tests.DeliveryBoyTest">
    <ignored/>
  </testcase> <!-- verify_existingDeliveryBoyAlertMessage -->
  <testcase name="add_NewDeliveryBoy" time="0.0" classname="com.supermarket.tests.DeliveryBoyTest">
    <ignored/>
  </testcase> <!-- add_NewDeliveryBoy -->
  <testcase name="verify_manageDeliveryBoyStatusDeactivation" time="0.0" classname="com.supermarket.tests.DeliveryBoyTest">
    <ignored/>
  </testcase> <!-- verify_manageDeliveryBoyStatusDeactivation -->
  <testcase name="verify_addNewDeliveryBoyAlertMessage" time="0.0" classname="com.supermarket.tests.DeliveryBoyTest">
    <ignored/>
  </testcase> <!-- verify_addNewDeliveryBoyAlertMessage -->
</testsuite> <!-- Default test -->
