<?xml version="1.0" encoding="UTF-8"?>
<!-- Generated by org.testng.reporters.JUnitXMLReporter -->
<testsuite hostname="user-PC" ignored="0" name="Default test" tests="2" failures="0" timestamp="09 Nov 2022 18:58:09 GMT" time="63.323" errors="0">
  <testcase name="verify_UpdateAdminUser" time="4.266" classname="com.supermarket.tests.ManagePaymentMethodsTest"/>
  <testcase name="verify_ManagePaymentStatusDeactivation" time="3.13" classname="com.supermarket.tests.ManagePaymentMethodsTest"/>
</testsuite> <!-- Default test -->
